{"/mnt/d/Projetos/Gama/XP44/TypeScript/aula07-pratica/src/adapters/connectors/cepfactory.api.ts": {"path":"/mnt/d/Projetos/Gama/XP44/TypeScript/aula07-pratica/src/adapters/connectors/cepfactory.api.ts","statementMap":{"0":{"start":{"line":8,"column":28},"end":{"line":8,"column":48}},"1":{"start":{"line":10,"column":8},"end":{"line":10,"column":46}}},"fnMap":{"0":{"name":"(anonymous_0)","decl":{"start":{"line":7,"column":4},"end":{"line":7,"column":5}},"loc":{"start":{"line":7,"column":78},"end":{"line":11,"column":5}},"line":7}},"branchMap":{},"s":{"0":1,"1":1},"f":{"0":1},"b":{},"_coverageSchema":"1a1c01bbd47fc00a2c39e90264f33305004495a9","hash":"cd7d8361f0637793bd02c6b57863bf2ba455e9d2"}
,"/mnt/d/Projetos/Gama/XP44/TypeScript/aula07-pratica/src/adapters/repositories/clients.repository.ts": {"path":"/mnt/d/Projetos/Gama/XP44/TypeScript/aula07-pratica/src/adapters/repositories/clients.repository.ts","statementMap":{"0":{"start":{"line":7,"column":28},"end":{"line":7,"column":36}},"1":{"start":{"line":14,"column":8},"end":{"line":14,"column":59}},"2":{"start":{"line":25,"column":8},"end":{"line":25,"column":71}},"3":{"start":{"line":26,"column":8},"end":{"line":26,"column":24}},"4":{"start":{"line":30,"column":8},"end":{"line":30,"column":54}},"5":{"start":{"line":34,"column":8},"end":{"line":34,"column":47}},"6":{"start":{"line":38,"column":8},"end":{"line":38,"column":52}},"7":{"start":{"line":39,"column":8},"end":{"line":39,"column":24}}},"fnMap":{"0":{"name":"(anonymous_0)","decl":{"start":{"line":9,"column":4},"end":{"line":9,"column":5}},"loc":{"start":{"line":9,"column":45},"end":{"line":11,"column":5}},"line":9},"1":{"name":"(anonymous_1)","decl":{"start":{"line":13,"column":4},"end":{"line":13,"column":5}},"loc":{"start":{"line":13,"column":74},"end":{"line":15,"column":5}},"line":13},"2":{"name":"(anonymous_2)","decl":{"start":{"line":17,"column":4},"end":{"line":17,"column":5}},"loc":{"start":{"line":17,"column":64},"end":{"line":27,"column":5}},"line":17},"3":{"name":"(anonymous_3)","decl":{"start":{"line":29,"column":4},"end":{"line":29,"column":5}},"loc":{"start":{"line":29,"column":56},"end":{"line":31,"column":5}},"line":29},"4":{"name":"(anonymous_4)","decl":{"start":{"line":33,"column":4},"end":{"line":33,"column":5}},"loc":{"start":{"line":33,"column":42},"end":{"line":35,"column":5}},"line":33},"5":{"name":"(anonymous_5)","decl":{"start":{"line":37,"column":4},"end":{"line":37,"column":5}},"loc":{"start":{"line":37,"column":80},"end":{"line":40,"column":5}},"line":37}},"branchMap":{},"s":{"0":1,"1":0,"2":1,"3":1,"4":0,"5":0,"6":0,"7":0},"f":{"0":1,"1":0,"2":1,"3":0,"4":0,"5":0},"b":{},"_coverageSchema":"1a1c01bbd47fc00a2c39e90264f33305004495a9","hash":"a37c39a2070b4719443745985b7cc0f44a6869d3"}
,"/mnt/d/Projetos/Gama/XP44/TypeScript/aula07-pratica/src/domain/usecases/clients/create.client.usecase.ts": {"path":"/mnt/d/Projetos/Gama/XP44/TypeScript/aula07-pratica/src/domain/usecases/clients/create.client.usecase.ts","statementMap":{"0":{"start":{"line":16,"column":8},"end":{"line":16,"column":70}},"1":{"start":{"line":18,"column":8},"end":{"line":20,"column":9}},"2":{"start":{"line":19,"column":12},"end":{"line":19,"column":74}},"3":{"start":{"line":21,"column":8},"end":{"line":21,"column":51}}},"fnMap":{"0":{"name":"(anonymous_0)","decl":{"start":{"line":11,"column":4},"end":{"line":11,"column":5}},"loc":{"start":{"line":11,"column":115},"end":{"line":13,"column":5}},"line":11},"1":{"name":"(anonymous_1)","decl":{"start":{"line":15,"column":4},"end":{"line":15,"column":5}},"loc":{"start":{"line":15,"column":73},"end":{"line":22,"column":5}},"line":15}},"branchMap":{"0":{"loc":{"start":{"line":18,"column":8},"end":{"line":20,"column":9}},"type":"if","locations":[{"start":{"line":18,"column":8},"end":{"line":20,"column":9}},{"start":{},"end":{}}],"line":18}},"s":{"0":1,"1":1,"2":0,"3":1},"f":{"0":1,"1":1},"b":{"0":[0,1]},"_coverageSchema":"1a1c01bbd47fc00a2c39e90264f33305004495a9","hash":"f9db2772876a643b3d6a3d68b8e89946342fe48f"}
,"/mnt/d/Projetos/Gama/XP44/TypeScript/aula07-pratica/src/infrastructure/apis/cep/apicep.api.ts": {"path":"/mnt/d/Projetos/Gama/XP44/TypeScript/aula07-pratica/src/infrastructure/apis/cep/apicep.api.ts","statementMap":{"0":{"start":{"line":7,"column":8},"end":{"line":24,"column":9}},"1":{"start":{"line":8,"column":32},"end":{"line":8,"column":124}},"2":{"start":{"line":10,"column":12},"end":{"line":11,"column":23}},"3":{"start":{"line":11,"column":16},"end":{"line":11,"column":23}},"4":{"start":{"line":13,"column":28},"end":{"line":13,"column":52}},"5":{"start":{"line":15,"column":12},"end":{"line":21,"column":14}},"6":{"start":{"line":23,"column":12},"end":{"line":23,"column":19}}},"fnMap":{"0":{"name":"(anonymous_0)","decl":{"start":{"line":6,"column":4},"end":{"line":6,"column":5}},"loc":{"start":{"line":6,"column":81},"end":{"line":25,"column":5}},"line":6}},"branchMap":{"0":{"loc":{"start":{"line":10,"column":12},"end":{"line":11,"column":23}},"type":"if","locations":[{"start":{"line":10,"column":12},"end":{"line":11,"column":23}},{"start":{},"end":{}}],"line":10}},"s":{"0":0,"1":0,"2":0,"3":0,"4":0,"5":0,"6":0},"f":{"0":0},"b":{"0":[0,0]},"_coverageSchema":"1a1c01bbd47fc00a2c39e90264f33305004495a9","hash":"f55b180fa263a0bf75aebf87dc9b203c50431e2b"}
,"/mnt/d/Projetos/Gama/XP44/TypeScript/aula07-pratica/src/infrastructure/apis/cep/apicepfactory.api.ts": {"path":"/mnt/d/Projetos/Gama/XP44/TypeScript/aula07-pratica/src/infrastructure/apis/cep/apicepfactory.api.ts","statementMap":{"0":{"start":{"line":7,"column":8},"end":{"line":7,"column":28}}},"fnMap":{"0":{"name":"(anonymous_0)","decl":{"start":{"line":6,"column":4},"end":{"line":6,"column":5}},"loc":{"start":{"line":6,"column":32},"end":{"line":8,"column":5}},"line":6}},"branchMap":{},"s":{"0":0},"f":{"0":0},"b":{},"_coverageSchema":"1a1c01bbd47fc00a2c39e90264f33305004495a9","hash":"2d3721a0b2b8f4f3b4cb73fb776dc933fcec4f83"}
,"/mnt/d/Projetos/Gama/XP44/TypeScript/aula07-pratica/src/infrastructure/apis/cep/viacep.api.ts": {"path":"/mnt/d/Projetos/Gama/XP44/TypeScript/aula07-pratica/src/infrastructure/apis/cep/viacep.api.ts","statementMap":{"0":{"start":{"line":7,"column":8},"end":{"line":28,"column":9}},"1":{"start":{"line":8,"column":32},"end":{"line":8,"column":84}},"2":{"start":{"line":10,"column":12},"end":{"line":11,"column":23}},"3":{"start":{"line":11,"column":16},"end":{"line":11,"column":23}},"4":{"start":{"line":13,"column":28},"end":{"line":13,"column":52}},"5":{"start":{"line":15,"column":12},"end":{"line":16,"column":23}},"6":{"start":{"line":16,"column":16},"end":{"line":16,"column":23}},"7":{"start":{"line":18,"column":12},"end":{"line":25,"column":14}},"8":{"start":{"line":27,"column":12},"end":{"line":27,"column":19}}},"fnMap":{"0":{"name":"(anonymous_0)","decl":{"start":{"line":6,"column":4},"end":{"line":6,"column":5}},"loc":{"start":{"line":6,"column":81},"end":{"line":29,"column":5}},"line":6}},"branchMap":{"0":{"loc":{"start":{"line":10,"column":12},"end":{"line":11,"column":23}},"type":"if","locations":[{"start":{"line":10,"column":12},"end":{"line":11,"column":23}},{"start":{},"end":{}}],"line":10},"1":{"loc":{"start":{"line":15,"column":12},"end":{"line":16,"column":23}},"type":"if","locations":[{"start":{"line":15,"column":12},"end":{"line":16,"column":23}},{"start":{},"end":{}}],"line":15}},"s":{"0":1,"1":1,"2":1,"3":0,"4":1,"5":1,"6":0,"7":1,"8":0},"f":{"0":1},"b":{"0":[0,1],"1":[0,1]},"_coverageSchema":"1a1c01bbd47fc00a2c39e90264f33305004495a9","hash":"6b7f1fad43188dc730c246f474f1c8233bc03807"}
,"/mnt/d/Projetos/Gama/XP44/TypeScript/aula07-pratica/src/infrastructure/apis/cep/viacepfactory.api.ts": {"path":"/mnt/d/Projetos/Gama/XP44/TypeScript/aula07-pratica/src/infrastructure/apis/cep/viacepfactory.api.ts","statementMap":{"0":{"start":{"line":7,"column":8},"end":{"line":7,"column":28}}},"fnMap":{"0":{"name":"(anonymous_0)","decl":{"start":{"line":6,"column":4},"end":{"line":6,"column":5}},"loc":{"start":{"line":6,"column":32},"end":{"line":8,"column":5}},"line":6}},"branchMap":{},"s":{"0":1},"f":{"0":1},"b":{},"_coverageSchema":"1a1c01bbd47fc00a2c39e90264f33305004495a9","hash":"45dece75ed074ff80d9c8835850c9875751b7e67"}
,"/mnt/d/Projetos/Gama/XP44/TypeScript/aula07-pratica/src/infrastructure/persistence/array.database.ts": {"path":"/mnt/d/Projetos/Gama/XP44/TypeScript/aula07-pratica/src/infrastructure/persistence/array.database.ts","statementMap":{"0":{"start":{"line":8,"column":8},"end":{"line":8,"column":24}},"1":{"start":{"line":12,"column":8},"end":{"line":14,"column":9}},"2":{"start":{"line":13,"column":12},"end":{"line":13,"column":58}},"3":{"start":{"line":16,"column":8},"end":{"line":16,"column":39}},"4":{"start":{"line":22,"column":8},"end":{"line":24,"column":9}},"5":{"start":{"line":23,"column":12},"end":{"line":23,"column":34}},"6":{"start":{"line":26,"column":8},"end":{"line":26,"column":47}},"7":{"start":{"line":27,"column":8},"end":{"line":27,"column":19}},"8":{"start":{"line":28,"column":8},"end":{"line":28,"column":35}},"9":{"start":{"line":30,"column":8},"end":{"line":30,"column":27}},"10":{"start":{"line":36,"column":8},"end":{"line":36,"column":19}},"11":{"start":{"line":38,"column":8},"end":{"line":39,"column":25}},"12":{"start":{"line":39,"column":12},"end":{"line":39,"column":25}},"13":{"start":{"line":41,"column":8},"end":{"line":41,"column":44}},"14":{"start":{"line":43,"column":8},"end":{"line":43,"column":19}},"15":{"start":{"line":47,"column":26},"end":{"line":47,"column":28}},"16":{"start":{"line":49,"column":8},"end":{"line":51,"column":9}},"17":{"start":{"line":50,"column":12},"end":{"line":50,"column":22}},"18":{"start":{"line":53,"column":8},"end":{"line":54,"column":28}},"19":{"start":{"line":54,"column":12},"end":{"line":54,"column":28}},"20":{"start":{"line":56,"column":8},"end":{"line":56,"column":20}},"21":{"start":{"line":61,"column":8},"end":{"line":63,"column":9}},"22":{"start":{"line":62,"column":12},"end":{"line":62,"column":25}},"23":{"start":{"line":65,"column":24},"end":{"line":67,"column":10}},"24":{"start":{"line":66,"column":16},"end":{"line":66,"column":46}},"25":{"start":{"line":70,"column":8},"end":{"line":71,"column":25}},"26":{"start":{"line":71,"column":12},"end":{"line":71,"column":25}},"27":{"start":{"line":73,"column":8},"end":{"line":73,"column":44}},"28":{"start":{"line":75,"column":8},"end":{"line":75,"column":20}},"29":{"start":{"line":80,"column":8},"end":{"line":82,"column":9}},"30":{"start":{"line":81,"column":12},"end":{"line":81,"column":29}},"31":{"start":{"line":84,"column":21},"end":{"line":86,"column":10}},"32":{"start":{"line":85,"column":16},"end":{"line":85,"column":46}},"33":{"start":{"line":88,"column":8},"end":{"line":89,"column":25}},"34":{"start":{"line":89,"column":12},"end":{"line":89,"column":25}},"35":{"start":{"line":91,"column":8},"end":{"line":91,"column":20}}},"fnMap":{"0":{"name":"(anonymous_0)","decl":{"start":{"line":7,"column":4},"end":{"line":7,"column":5}},"loc":{"start":{"line":7,"column":25},"end":{"line":9,"column":5}},"line":7},"1":{"name":"(anonymous_1)","decl":{"start":{"line":11,"column":4},"end":{"line":11,"column":5}},"loc":{"start":{"line":11,"column":47},"end":{"line":17,"column":5}},"line":11},"2":{"name":"(anonymous_2)","decl":{"start":{"line":19,"column":4},"end":{"line":19,"column":5}},"loc":{"start":{"line":19,"column":44},"end":{"line":31,"column":5}},"line":19},"3":{"name":"(anonymous_3)","decl":{"start":{"line":33,"column":4},"end":{"line":33,"column":5}},"loc":{"start":{"line":33,"column":45},"end":{"line":44,"column":5}},"line":33},"4":{"name":"(anonymous_4)","decl":{"start":{"line":46,"column":4},"end":{"line":46,"column":5}},"loc":{"start":{"line":46,"column":30},"end":{"line":57,"column":5}},"line":46},"5":{"name":"(anonymous_5)","decl":{"start":{"line":59,"column":4},"end":{"line":59,"column":5}},"loc":{"start":{"line":59,"column":50},"end":{"line":76,"column":5}},"line":59},"6":{"name":"(anonymous_6)","decl":{"start":{"line":65,"column":45},"end":{"line":65,"column":46}},"loc":{"start":{"line":65,"column":59},"end":{"line":67,"column":9}},"line":65},"7":{"name":"(anonymous_7)","decl":{"start":{"line":78,"column":4},"end":{"line":78,"column":5}},"loc":{"start":{"line":78,"column":44},"end":{"line":92,"column":5}},"line":78},"8":{"name":"(anonymous_8)","decl":{"start":{"line":84,"column":43},"end":{"line":84,"column":44}},"loc":{"start":{"line":84,"column":57},"end":{"line":86,"column":9}},"line":84}},"branchMap":{"0":{"loc":{"start":{"line":12,"column":8},"end":{"line":14,"column":9}},"type":"if","locations":[{"start":{"line":12,"column":8},"end":{"line":14,"column":9}},{"start":{},"end":{}}],"line":12},"1":{"loc":{"start":{"line":22,"column":8},"end":{"line":24,"column":9}},"type":"if","locations":[{"start":{"line":22,"column":8},"end":{"line":24,"column":9}},{"start":{},"end":{}}],"line":22},"2":{"loc":{"start":{"line":38,"column":8},"end":{"line":39,"column":25}},"type":"if","locations":[{"start":{"line":38,"column":8},"end":{"line":39,"column":25}},{"start":{},"end":{}}],"line":38},"3":{"loc":{"start":{"line":49,"column":8},"end":{"line":51,"column":9}},"type":"if","locations":[{"start":{"line":49,"column":8},"end":{"line":51,"column":9}},{"start":{},"end":{}}],"line":49},"4":{"loc":{"start":{"line":61,"column":8},"end":{"line":63,"column":9}},"type":"if","locations":[{"start":{"line":61,"column":8},"end":{"line":63,"column":9}},{"start":{},"end":{}}],"line":61},"5":{"loc":{"start":{"line":70,"column":8},"end":{"line":71,"column":25}},"type":"if","locations":[{"start":{"line":70,"column":8},"end":{"line":71,"column":25}},{"start":{},"end":{}}],"line":70},"6":{"loc":{"start":{"line":80,"column":8},"end":{"line":82,"column":9}},"type":"if","locations":[{"start":{"line":80,"column":8},"end":{"line":82,"column":9}},{"start":{},"end":{}}],"line":80},"7":{"loc":{"start":{"line":88,"column":8},"end":{"line":89,"column":25}},"type":"if","locations":[{"start":{"line":88,"column":8},"end":{"line":89,"column":25}},{"start":{},"end":{}}],"line":88}},"s":{"0":1,"1":1,"2":1,"3":1,"4":1,"5":1,"6":1,"7":1,"8":1,"9":1,"10":0,"11":0,"12":0,"13":0,"14":0,"15":0,"16":0,"17":0,"18":0,"19":0,"20":0,"21":0,"22":0,"23":0,"24":0,"25":0,"26":0,"27":0,"28":0,"29":0,"30":0,"31":0,"32":0,"33":0,"34":0,"35":0},"f":{"0":1,"1":1,"2":1,"3":0,"4":0,"5":0,"6":0,"7":0,"8":0},"b":{"0":[1,0],"1":[1,0],"2":[0,0],"3":[0,0],"4":[0,0],"5":[0,0],"6":[0,0],"7":[0,0]},"_coverageSchema":"1a1c01bbd47fc00a2c39e90264f33305004495a9","hash":"f9e227277b15511744406cc1e531bf6eabe90b97"}
}
